-------------------------------------------------------------------------------
Test set: TestSuite
-------------------------------------------------------------------------------
Tests run: 8, Failures: 1, Errors: 0, Skipped: 0, Time elapsed: 32.599 s <<< FAILURE! - in TestSuite
runScenario(runner.TestRunner)  Time elapsed: 2.528 s  <<< FAILURE!
java.lang.AssertionError: expected [true] but found [false]

